{"/Users/adamzdrzalka/Documents/Programming/earlyprojects/calculator/helpers.js": {"path":"/Users/adamzdrzalka/Documents/Programming/earlyprojects/calculator/helpers.js","statementMap":{"0":{"start":{"line":3,"column":19},"end":{"line":6,"column":1}},"1":{"start":{"line":4,"column":4},"end":{"line":4,"column":68}},"2":{"start":{"line":4,"column":33},"end":{"line":4,"column":68}},"3":{"start":{"line":5,"column":4},"end":{"line":5,"column":28}},"4":{"start":{"line":8,"column":27},"end":{"line":10,"column":1}},"5":{"start":{"line":9,"column":4},"end":{"line":9,"column":37}},"6":{"start":{"line":12,"column":24},"end":{"line":14,"column":1}},"7":{"start":{"line":13,"column":4},"end":{"line":13,"column":37}},"8":{"start":{"line":16,"column":27},"end":{"line":19,"column":1}},"9":{"start":{"line":17,"column":32},"end":{"line":17,"column":45}},"10":{"start":{"line":18,"column":4},"end":{"line":18,"column":44}},"11":{"start":{"line":21,"column":25},"end":{"line":26,"column":1}},"12":{"start":{"line":22,"column":4},"end":{"line":23,"column":54}},"13":{"start":{"line":22,"column":28},"end":{"line":22,"column":53}},"14":{"start":{"line":23,"column":8},"end":{"line":23,"column":54}},"15":{"start":{"line":25,"column":4},"end":{"line":25,"column":49}},"16":{"start":{"line":28,"column":25},"end":{"line":33,"column":1}},"17":{"start":{"line":29,"column":4},"end":{"line":30,"column":54}},"18":{"start":{"line":29,"column":28},"end":{"line":29,"column":53}},"19":{"start":{"line":30,"column":8},"end":{"line":30,"column":54}},"20":{"start":{"line":32,"column":4},"end":{"line":32,"column":49}},"21":{"start":{"line":35,"column":0},"end":{"line":42,"column":1}}},"fnMap":{"0":{"name":"(anonymous_0)","decl":{"start":{"line":3,"column":19},"end":{"line":3,"column":20}},"loc":{"start":{"line":3,"column":28},"end":{"line":6,"column":1}},"line":3},"1":{"name":"(anonymous_1)","decl":{"start":{"line":8,"column":27},"end":{"line":8,"column":28}},"loc":{"start":{"line":8,"column":36},"end":{"line":10,"column":1}},"line":8},"2":{"name":"(anonymous_2)","decl":{"start":{"line":12,"column":24},"end":{"line":12,"column":25}},"loc":{"start":{"line":12,"column":33},"end":{"line":14,"column":1}},"line":12},"3":{"name":"(anonymous_3)","decl":{"start":{"line":16,"column":27},"end":{"line":16,"column":28}},"loc":{"start":{"line":16,"column":36},"end":{"line":19,"column":1}},"line":16},"4":{"name":"(anonymous_4)","decl":{"start":{"line":21,"column":25},"end":{"line":21,"column":26}},"loc":{"start":{"line":21,"column":34},"end":{"line":26,"column":1}},"line":21},"5":{"name":"(anonymous_5)","decl":{"start":{"line":22,"column":17},"end":{"line":22,"column":18}},"loc":{"start":{"line":22,"column":28},"end":{"line":22,"column":53}},"line":22},"6":{"name":"(anonymous_6)","decl":{"start":{"line":28,"column":25},"end":{"line":28,"column":26}},"loc":{"start":{"line":28,"column":34},"end":{"line":33,"column":1}},"line":28},"7":{"name":"(anonymous_7)","decl":{"start":{"line":29,"column":17},"end":{"line":29,"column":18}},"loc":{"start":{"line":29,"column":28},"end":{"line":29,"column":53}},"line":29}},"branchMap":{"0":{"loc":{"start":{"line":4,"column":4},"end":{"line":4,"column":68}},"type":"if","locations":[{"start":{"line":4,"column":4},"end":{"line":4,"column":68}},{"start":{"line":4,"column":4},"end":{"line":4,"column":68}}],"line":4},"1":{"loc":{"start":{"line":9,"column":11},"end":{"line":9,"column":37}},"type":"binary-expr","locations":[{"start":{"line":9,"column":11},"end":{"line":9,"column":22}},{"start":{"line":9,"column":26},"end":{"line":9,"column":37}}],"line":9},"2":{"loc":{"start":{"line":13,"column":11},"end":{"line":13,"column":37}},"type":"binary-expr","locations":[{"start":{"line":13,"column":11},"end":{"line":13,"column":22}},{"start":{"line":13,"column":26},"end":{"line":13,"column":37}}],"line":13},"3":{"loc":{"start":{"line":22,"column":4},"end":{"line":23,"column":54}},"type":"if","locations":[{"start":{"line":22,"column":4},"end":{"line":23,"column":54}},{"start":{"line":22,"column":4},"end":{"line":23,"column":54}}],"line":22},"4":{"loc":{"start":{"line":25,"column":11},"end":{"line":25,"column":49}},"type":"binary-expr","locations":[{"start":{"line":25,"column":11},"end":{"line":25,"column":28}},{"start":{"line":25,"column":32},"end":{"line":25,"column":49}}],"line":25},"5":{"loc":{"start":{"line":29,"column":4},"end":{"line":30,"column":54}},"type":"if","locations":[{"start":{"line":29,"column":4},"end":{"line":30,"column":54}},{"start":{"line":29,"column":4},"end":{"line":30,"column":54}}],"line":29},"6":{"loc":{"start":{"line":32,"column":11},"end":{"line":32,"column":49}},"type":"binary-expr","locations":[{"start":{"line":32,"column":11},"end":{"line":32,"column":28}},{"start":{"line":32,"column":32},"end":{"line":32,"column":49}}],"line":32}},"s":{"0":1,"1":6,"2":2,"3":4,"4":1,"5":9,"6":1,"7":6,"8":1,"9":8,"10":8,"11":1,"12":6,"13":15,"14":2,"15":4,"16":1,"17":6,"18":13,"19":1,"20":5,"21":1},"f":{"0":6,"1":9,"2":6,"3":8,"4":6,"5":15,"6":6,"7":13},"b":{"0":[2,4],"1":[9,8],"2":[6,5],"3":[2,4],"4":[4,3],"5":[1,5],"6":[5,3]},"_coverageSchema":"1a1c01bbd47fc00a2c39e90264f33305004495a9","hash":"4d906dff82bb5f4307bd0e6307f840f4ec65a0b6"}
,"/Users/adamzdrzalka/Documents/Programming/earlyprojects/calculator/validateInput.js": {"path":"/Users/adamzdrzalka/Documents/Programming/earlyprojects/calculator/validateInput.js","statementMap":{"0":{"start":{"line":2,"column":4},"end":{"line":2,"column":26}},"1":{"start":{"line":6,"column":4},"end":{"line":6,"column":21}},"2":{"start":{"line":7,"column":4},"end":{"line":7,"column":19}},"3":{"start":{"line":11,"column":4},"end":{"line":11,"column":25}},"4":{"start":{"line":15,"column":21},"end":{"line":20,"column":1}},"5":{"start":{"line":16,"column":4},"end":{"line":16,"column":86}},"6":{"start":{"line":16,"column":29},"end":{"line":16,"column":86}},"7":{"start":{"line":17,"column":4},"end":{"line":17,"column":67}},"8":{"start":{"line":17,"column":26},"end":{"line":17,"column":67}},"9":{"start":{"line":19,"column":4},"end":{"line":19,"column":30}},"10":{"start":{"line":23,"column":22},"end":{"line":23,"column":45}},"11":{"start":{"line":25,"column":4},"end":{"line":27,"column":5}},"12":{"start":{"line":26,"column":8},"end":{"line":26,"column":20}},"13":{"start":{"line":29,"column":4},"end":{"line":31,"column":5}},"14":{"start":{"line":30,"column":8},"end":{"line":30,"column":19}},"15":{"start":{"line":33,"column":4},"end":{"line":35,"column":5}},"16":{"start":{"line":34,"column":8},"end":{"line":34,"column":20}},"17":{"start":{"line":37,"column":4},"end":{"line":37,"column":15}},"18":{"start":{"line":40,"column":27},"end":{"line":40,"column":57}},"19":{"start":{"line":40,"column":33},"end":{"line":40,"column":57}},"20":{"start":{"line":43,"column":18},"end":{"line":43,"column":40}},"21":{"start":{"line":45,"column":4},"end":{"line":49,"column":5}},"22":{"start":{"line":46,"column":8},"end":{"line":46,"column":28}},"23":{"start":{"line":47,"column":11},"end":{"line":49,"column":5}},"24":{"start":{"line":48,"column":8},"end":{"line":48,"column":30}},"25":{"start":{"line":51,"column":26},"end":{"line":51,"column":44}},"26":{"start":{"line":52,"column":4},"end":{"line":52,"column":29}},"27":{"start":{"line":55,"column":19},"end":{"line":58,"column":1}},"28":{"start":{"line":56,"column":28},"end":{"line":56,"column":34}},"29":{"start":{"line":57,"column":4},"end":{"line":57,"column":40}},"30":{"start":{"line":60,"column":29},"end":{"line":67,"column":1}},"31":{"start":{"line":61,"column":4},"end":{"line":62,"column":87}},"32":{"start":{"line":62,"column":4},"end":{"line":62,"column":87}},"33":{"start":{"line":64,"column":4},"end":{"line":64,"column":67}},"34":{"start":{"line":64,"column":26},"end":{"line":64,"column":67}},"35":{"start":{"line":66,"column":4},"end":{"line":66,"column":27}},"36":{"start":{"line":70,"column":4},"end":{"line":76,"column":5}},"37":{"start":{"line":71,"column":8},"end":{"line":75,"column":9}},"38":{"start":{"line":72,"column":12},"end":{"line":72,"column":18}},"39":{"start":{"line":74,"column":12},"end":{"line":74,"column":32}},"40":{"start":{"line":78,"column":4},"end":{"line":78,"column":19}},"41":{"start":{"line":79,"column":38},"end":{"line":79,"column":56}},"42":{"start":{"line":80,"column":4},"end":{"line":80,"column":41}},"43":{"start":{"line":83,"column":28},"end":{"line":94,"column":1}},"44":{"start":{"line":84,"column":4},"end":{"line":84,"column":129}},"45":{"start":{"line":84,"column":33},"end":{"line":84,"column":129}},"46":{"start":{"line":85,"column":4},"end":{"line":85,"column":80}},"47":{"start":{"line":85,"column":28},"end":{"line":85,"column":80}},"48":{"start":{"line":87,"column":28},"end":{"line":87,"column":44}},"49":{"start":{"line":88,"column":31},"end":{"line":88,"column":65}},"50":{"start":{"line":90,"column":4},"end":{"line":92,"column":5}},"51":{"start":{"line":91,"column":8},"end":{"line":91,"column":18}},"52":{"start":{"line":93,"column":4},"end":{"line":93,"column":44}},"53":{"start":{"line":97,"column":27},"end":{"line":102,"column":1}},"54":{"start":{"line":98,"column":4},"end":{"line":98,"column":133}},"55":{"start":{"line":98,"column":33},"end":{"line":98,"column":133}},"56":{"start":{"line":99,"column":16},"end":{"line":99,"column":30}},"57":{"start":{"line":101,"column":4},"end":{"line":101,"column":62}},"58":{"start":{"line":105,"column":4},"end":{"line":105,"column":44}},"59":{"start":{"line":106,"column":31},"end":{"line":106,"column":61}},"60":{"start":{"line":107,"column":4},"end":{"line":107,"column":62}},"61":{"start":{"line":108,"column":4},"end":{"line":108,"column":47}},"62":{"start":{"line":109,"column":37},"end":{"line":109,"column":75}},"63":{"start":{"line":110,"column":4},"end":{"line":110,"column":74}},"64":{"start":{"line":111,"column":4},"end":{"line":111,"column":50}},"65":{"start":{"line":112,"column":4},"end":{"line":112,"column":44}},"66":{"start":{"line":113,"column":4},"end":{"line":113,"column":40}},"67":{"start":{"line":116,"column":0},"end":{"line":116,"column":108}}},"fnMap":{"0":{"name":"setDisplay","decl":{"start":{"line":1,"column":9},"end":{"line":1,"column":19}},"loc":{"start":{"line":1,"column":25},"end":{"line":3,"column":1}},"line":1},"1":{"name":"displayZero","decl":{"start":{"line":5,"column":9},"end":{"line":5,"column":20}},"loc":{"start":{"line":5,"column":23},"end":{"line":8,"column":1}},"line":5},"2":{"name":"pushToUserInput","decl":{"start":{"line":10,"column":9},"end":{"line":10,"column":24}},"loc":{"start":{"line":10,"column":32},"end":{"line":12,"column":1}},"line":10},"3":{"name":"(anonymous_3)","decl":{"start":{"line":15,"column":21},"end":{"line":15,"column":22}},"loc":{"start":{"line":15,"column":30},"end":{"line":20,"column":1}},"line":15},"4":{"name":"isInputValid","decl":{"start":{"line":22,"column":9},"end":{"line":22,"column":21}},"loc":{"start":{"line":22,"column":36},"end":{"line":38,"column":1}},"line":22},"5":{"name":"(anonymous_5)","decl":{"start":{"line":40,"column":27},"end":{"line":40,"column":28}},"loc":{"start":{"line":40,"column":33},"end":{"line":40,"column":57}},"line":40},"6":{"name":"collectInputAndDisplay","decl":{"start":{"line":42,"column":9},"end":{"line":42,"column":31}},"loc":{"start":{"line":42,"column":39},"end":{"line":53,"column":1}},"line":42},"7":{"name":"(anonymous_7)","decl":{"start":{"line":55,"column":19},"end":{"line":55,"column":20}},"loc":{"start":{"line":55,"column":28},"end":{"line":58,"column":1}},"line":55},"8":{"name":"(anonymous_8)","decl":{"start":{"line":60,"column":29},"end":{"line":60,"column":30}},"loc":{"start":{"line":60,"column":38},"end":{"line":67,"column":1}},"line":60},"9":{"name":"removeLastTypedCharacter","decl":{"start":{"line":69,"column":9},"end":{"line":69,"column":33}},"loc":{"start":{"line":69,"column":36},"end":{"line":81,"column":1}},"line":69},"10":{"name":"(anonymous_10)","decl":{"start":{"line":83,"column":28},"end":{"line":83,"column":29}},"loc":{"start":{"line":83,"column":37},"end":{"line":94,"column":1}},"line":83},"11":{"name":"(anonymous_11)","decl":{"start":{"line":97,"column":27},"end":{"line":97,"column":28}},"loc":{"start":{"line":97,"column":36},"end":{"line":102,"column":1}},"line":97},"12":{"name":"evaluateInputAndDisplay","decl":{"start":{"line":104,"column":9},"end":{"line":104,"column":32}},"loc":{"start":{"line":104,"column":35},"end":{"line":114,"column":1}},"line":104}},"branchMap":{"0":{"loc":{"start":{"line":16,"column":4},"end":{"line":16,"column":86}},"type":"if","locations":[{"start":{"line":16,"column":4},"end":{"line":16,"column":86}},{"start":{"line":16,"column":4},"end":{"line":16,"column":86}}],"line":16},"1":{"loc":{"start":{"line":17,"column":4},"end":{"line":17,"column":67}},"type":"if","locations":[{"start":{"line":17,"column":4},"end":{"line":17,"column":67}},{"start":{"line":17,"column":4},"end":{"line":17,"column":67}}],"line":17},"2":{"loc":{"start":{"line":25,"column":4},"end":{"line":27,"column":5}},"type":"if","locations":[{"start":{"line":25,"column":4},"end":{"line":27,"column":5}},{"start":{"line":25,"column":4},"end":{"line":27,"column":5}}],"line":25},"3":{"loc":{"start":{"line":25,"column":8},"end":{"line":25,"column":49}},"type":"binary-expr","locations":[{"start":{"line":25,"column":8},"end":{"line":25,"column":25}},{"start":{"line":25,"column":29},"end":{"line":25,"column":49}}],"line":25},"4":{"loc":{"start":{"line":29,"column":4},"end":{"line":31,"column":5}},"type":"if","locations":[{"start":{"line":29,"column":4},"end":{"line":31,"column":5}},{"start":{"line":29,"column":4},"end":{"line":31,"column":5}}],"line":29},"5":{"loc":{"start":{"line":33,"column":4},"end":{"line":35,"column":5}},"type":"if","locations":[{"start":{"line":33,"column":4},"end":{"line":35,"column":5}},{"start":{"line":33,"column":4},"end":{"line":35,"column":5}}],"line":33},"6":{"loc":{"start":{"line":45,"column":4},"end":{"line":49,"column":5}},"type":"if","locations":[{"start":{"line":45,"column":4},"end":{"line":49,"column":5}},{"start":{"line":45,"column":4},"end":{"line":49,"column":5}}],"line":45},"7":{"loc":{"start":{"line":45,"column":8},"end":{"line":45,"column":67}},"type":"binary-expr","locations":[{"start":{"line":45,"column":8},"end":{"line":45,"column":28}},{"start":{"line":45,"column":32},"end":{"line":45,"column":67}}],"line":45},"8":{"loc":{"start":{"line":47,"column":11},"end":{"line":49,"column":5}},"type":"if","locations":[{"start":{"line":47,"column":11},"end":{"line":49,"column":5}},{"start":{"line":47,"column":11},"end":{"line":49,"column":5}}],"line":47},"9":{"loc":{"start":{"line":61,"column":4},"end":{"line":62,"column":87}},"type":"if","locations":[{"start":{"line":61,"column":4},"end":{"line":62,"column":87}},{"start":{"line":61,"column":4},"end":{"line":62,"column":87}}],"line":61},"10":{"loc":{"start":{"line":64,"column":4},"end":{"line":64,"column":67}},"type":"if","locations":[{"start":{"line":64,"column":4},"end":{"line":64,"column":67}},{"start":{"line":64,"column":4},"end":{"line":64,"column":67}}],"line":64},"11":{"loc":{"start":{"line":70,"column":4},"end":{"line":76,"column":5}},"type":"if","locations":[{"start":{"line":70,"column":4},"end":{"line":76,"column":5}},{"start":{"line":70,"column":4},"end":{"line":76,"column":5}}],"line":70},"12":{"loc":{"start":{"line":71,"column":8},"end":{"line":75,"column":9}},"type":"if","locations":[{"start":{"line":71,"column":8},"end":{"line":75,"column":9}},{"start":{"line":71,"column":8},"end":{"line":75,"column":9}}],"line":71},"13":{"loc":{"start":{"line":84,"column":4},"end":{"line":84,"column":129}},"type":"if","locations":[{"start":{"line":84,"column":4},"end":{"line":84,"column":129}},{"start":{"line":84,"column":4},"end":{"line":84,"column":129}}],"line":84},"14":{"loc":{"start":{"line":85,"column":4},"end":{"line":85,"column":80}},"type":"if","locations":[{"start":{"line":85,"column":4},"end":{"line":85,"column":80}},{"start":{"line":85,"column":4},"end":{"line":85,"column":80}}],"line":85},"15":{"loc":{"start":{"line":90,"column":4},"end":{"line":92,"column":5}},"type":"if","locations":[{"start":{"line":90,"column":4},"end":{"line":92,"column":5}},{"start":{"line":90,"column":4},"end":{"line":92,"column":5}}],"line":90},"16":{"loc":{"start":{"line":98,"column":4},"end":{"line":98,"column":133}},"type":"if","locations":[{"start":{"line":98,"column":4},"end":{"line":98,"column":133}},{"start":{"line":98,"column":4},"end":{"line":98,"column":133}}],"line":98},"17":{"loc":{"start":{"line":101,"column":11},"end":{"line":101,"column":62}},"type":"cond-expr","locations":[{"start":{"line":101,"column":32},"end":{"line":101,"column":35}},{"start":{"line":101,"column":38},"end":{"line":101,"column":62}}],"line":101}},"s":{"0":0,"1":0,"2":0,"3":0,"4":1,"5":6,"6":2,"7":4,"8":1,"9":3,"10":0,"11":0,"12":0,"13":0,"14":0,"15":0,"16":0,"17":0,"18":1,"19":0,"20":0,"21":0,"22":0,"23":0,"24":0,"25":0,"26":0,"27":1,"28":2,"29":2,"30":1,"31":5,"32":2,"33":3,"34":1,"35":2,"36":0,"37":0,"38":0,"39":0,"40":0,"41":0,"42":0,"43":1,"44":16,"45":2,"46":14,"47":1,"48":13,"49":13,"50":13,"51":5,"52":8,"53":1,"54":10,"55":2,"56":8,"57":8,"58":0,"59":0,"60":0,"61":0,"62":0,"63":0,"64":0,"65":0,"66":0,"67":1},"f":{"0":0,"1":0,"2":0,"3":6,"4":0,"5":0,"6":0,"7":2,"8":5,"9":0,"10":16,"11":10,"12":0},"b":{"0":[2,4],"1":[1,3],"2":[0,0],"3":[0,0],"4":[0,0],"5":[0,0],"6":[0,0],"7":[0,0],"8":[0,0],"9":[2,3],"10":[1,2],"11":[0,0],"12":[0,0],"13":[2,14],"14":[1,13],"15":[5,8],"16":[2,8],"17":[1,7]},"_coverageSchema":"1a1c01bbd47fc00a2c39e90264f33305004495a9","hash":"9c5ec01cf2230a637713cdb82b3168379c5d9ace"}
}
