{"/Users/adamzdrzalka/Documents/Programming/earlyprojects/calculator/helpers.js": {"path":"/Users/adamzdrzalka/Documents/Programming/earlyprojects/calculator/helpers.js","statementMap":{"0":{"start":{"line":3,"column":19},"end":{"line":6,"column":1}},"1":{"start":{"line":4,"column":4},"end":{"line":4,"column":68}},"2":{"start":{"line":4,"column":33},"end":{"line":4,"column":68}},"3":{"start":{"line":5,"column":4},"end":{"line":5,"column":28}},"4":{"start":{"line":8,"column":27},"end":{"line":10,"column":1}},"5":{"start":{"line":9,"column":4},"end":{"line":9,"column":37}},"6":{"start":{"line":12,"column":24},"end":{"line":14,"column":1}},"7":{"start":{"line":13,"column":4},"end":{"line":13,"column":37}},"8":{"start":{"line":16,"column":27},"end":{"line":19,"column":1}},"9":{"start":{"line":17,"column":32},"end":{"line":17,"column":45}},"10":{"start":{"line":18,"column":4},"end":{"line":18,"column":44}},"11":{"start":{"line":21,"column":25},"end":{"line":26,"column":1}},"12":{"start":{"line":22,"column":4},"end":{"line":23,"column":54}},"13":{"start":{"line":22,"column":28},"end":{"line":22,"column":53}},"14":{"start":{"line":23,"column":8},"end":{"line":23,"column":54}},"15":{"start":{"line":25,"column":4},"end":{"line":25,"column":49}},"16":{"start":{"line":28,"column":25},"end":{"line":33,"column":1}},"17":{"start":{"line":29,"column":4},"end":{"line":30,"column":54}},"18":{"start":{"line":29,"column":28},"end":{"line":29,"column":53}},"19":{"start":{"line":30,"column":8},"end":{"line":30,"column":54}},"20":{"start":{"line":32,"column":4},"end":{"line":32,"column":49}},"21":{"start":{"line":35,"column":0},"end":{"line":42,"column":1}}},"fnMap":{"0":{"name":"(anonymous_0)","decl":{"start":{"line":3,"column":19},"end":{"line":3,"column":20}},"loc":{"start":{"line":3,"column":28},"end":{"line":6,"column":1}},"line":3},"1":{"name":"(anonymous_1)","decl":{"start":{"line":8,"column":27},"end":{"line":8,"column":28}},"loc":{"start":{"line":8,"column":36},"end":{"line":10,"column":1}},"line":8},"2":{"name":"(anonymous_2)","decl":{"start":{"line":12,"column":24},"end":{"line":12,"column":25}},"loc":{"start":{"line":12,"column":33},"end":{"line":14,"column":1}},"line":12},"3":{"name":"(anonymous_3)","decl":{"start":{"line":16,"column":27},"end":{"line":16,"column":28}},"loc":{"start":{"line":16,"column":36},"end":{"line":19,"column":1}},"line":16},"4":{"name":"(anonymous_4)","decl":{"start":{"line":21,"column":25},"end":{"line":21,"column":26}},"loc":{"start":{"line":21,"column":34},"end":{"line":26,"column":1}},"line":21},"5":{"name":"(anonymous_5)","decl":{"start":{"line":22,"column":17},"end":{"line":22,"column":18}},"loc":{"start":{"line":22,"column":28},"end":{"line":22,"column":53}},"line":22},"6":{"name":"(anonymous_6)","decl":{"start":{"line":28,"column":25},"end":{"line":28,"column":26}},"loc":{"start":{"line":28,"column":34},"end":{"line":33,"column":1}},"line":28},"7":{"name":"(anonymous_7)","decl":{"start":{"line":29,"column":17},"end":{"line":29,"column":18}},"loc":{"start":{"line":29,"column":28},"end":{"line":29,"column":53}},"line":29}},"branchMap":{"0":{"loc":{"start":{"line":4,"column":4},"end":{"line":4,"column":68}},"type":"if","locations":[{"start":{"line":4,"column":4},"end":{"line":4,"column":68}},{"start":{"line":4,"column":4},"end":{"line":4,"column":68}}],"line":4},"1":{"loc":{"start":{"line":9,"column":11},"end":{"line":9,"column":37}},"type":"binary-expr","locations":[{"start":{"line":9,"column":11},"end":{"line":9,"column":22}},{"start":{"line":9,"column":26},"end":{"line":9,"column":37}}],"line":9},"2":{"loc":{"start":{"line":13,"column":11},"end":{"line":13,"column":37}},"type":"binary-expr","locations":[{"start":{"line":13,"column":11},"end":{"line":13,"column":22}},{"start":{"line":13,"column":26},"end":{"line":13,"column":37}}],"line":13},"3":{"loc":{"start":{"line":22,"column":4},"end":{"line":23,"column":54}},"type":"if","locations":[{"start":{"line":22,"column":4},"end":{"line":23,"column":54}},{"start":{"line":22,"column":4},"end":{"line":23,"column":54}}],"line":22},"4":{"loc":{"start":{"line":25,"column":11},"end":{"line":25,"column":49}},"type":"binary-expr","locations":[{"start":{"line":25,"column":11},"end":{"line":25,"column":28}},{"start":{"line":25,"column":32},"end":{"line":25,"column":49}}],"line":25},"5":{"loc":{"start":{"line":29,"column":4},"end":{"line":30,"column":54}},"type":"if","locations":[{"start":{"line":29,"column":4},"end":{"line":30,"column":54}},{"start":{"line":29,"column":4},"end":{"line":30,"column":54}}],"line":29},"6":{"loc":{"start":{"line":32,"column":11},"end":{"line":32,"column":49}},"type":"binary-expr","locations":[{"start":{"line":32,"column":11},"end":{"line":32,"column":28}},{"start":{"line":32,"column":32},"end":{"line":32,"column":49}}],"line":32}},"s":{"0":1,"1":6,"2":2,"3":4,"4":1,"5":9,"6":1,"7":6,"8":1,"9":8,"10":8,"11":1,"12":6,"13":15,"14":2,"15":4,"16":1,"17":6,"18":13,"19":1,"20":5,"21":1},"f":{"0":6,"1":9,"2":6,"3":8,"4":6,"5":15,"6":6,"7":13},"b":{"0":[2,4],"1":[9,8],"2":[6,5],"3":[2,4],"4":[4,3],"5":[1,5],"6":[5,3]},"_coverageSchema":"1a1c01bbd47fc00a2c39e90264f33305004495a9","hash":"4d906dff82bb5f4307bd0e6307f840f4ec65a0b6"}
,"/Users/adamzdrzalka/Documents/Programming/earlyprojects/calculator/validateInput.js": {"path":"/Users/adamzdrzalka/Documents/Programming/earlyprojects/calculator/validateInput.js","statementMap":{"0":{"start":{"line":1,"column":19},"end":{"line":3,"column":1}},"1":{"start":{"line":2,"column":4},"end":{"line":2,"column":26}},"2":{"start":{"line":6,"column":4},"end":{"line":6,"column":21}},"3":{"start":{"line":7,"column":4},"end":{"line":7,"column":19}},"4":{"start":{"line":11,"column":4},"end":{"line":11,"column":25}},"5":{"start":{"line":14,"column":21},"end":{"line":20,"column":1}},"6":{"start":{"line":15,"column":4},"end":{"line":16,"column":65}},"7":{"start":{"line":16,"column":8},"end":{"line":16,"column":65}},"8":{"start":{"line":17,"column":4},"end":{"line":17,"column":67}},"9":{"start":{"line":17,"column":26},"end":{"line":17,"column":67}},"10":{"start":{"line":19,"column":4},"end":{"line":19,"column":30}},"11":{"start":{"line":22,"column":29},"end":{"line":34,"column":1}},"12":{"start":{"line":23,"column":4},"end":{"line":23,"column":67}},"13":{"start":{"line":23,"column":28},"end":{"line":23,"column":45}},"14":{"start":{"line":23,"column":58},"end":{"line":23,"column":67}},"15":{"start":{"line":25,"column":21},"end":{"line":25,"column":41}},"16":{"start":{"line":26,"column":22},"end":{"line":26,"column":42}},"17":{"start":{"line":27,"column":25},"end":{"line":27,"column":45}},"18":{"start":{"line":28,"column":23},"end":{"line":28,"column":43}},"19":{"start":{"line":29,"column":20},"end":{"line":29,"column":67}},"20":{"start":{"line":30,"column":19},"end":{"line":30,"column":33}},"21":{"start":{"line":31,"column":30},"end":{"line":31,"column":39}},"22":{"start":{"line":33,"column":4},"end":{"line":33,"column":28}},"23":{"start":{"line":36,"column":21},"end":{"line":59,"column":1}},"24":{"start":{"line":37,"column":22},"end":{"line":37,"column":45}},"25":{"start":{"line":39,"column":4},"end":{"line":42,"column":5}},"26":{"start":{"line":40,"column":8},"end":{"line":40,"column":46}},"27":{"start":{"line":40,"column":34},"end":{"line":40,"column":46}},"28":{"start":{"line":41,"column":8},"end":{"line":41,"column":50}},"29":{"start":{"line":41,"column":38},"end":{"line":41,"column":50}},"30":{"start":{"line":44,"column":4},"end":{"line":48,"column":5}},"31":{"start":{"line":45,"column":33},"end":{"line":45,"column":59}},"32":{"start":{"line":46,"column":34},"end":{"line":46,"column":65}},"33":{"start":{"line":47,"column":8},"end":{"line":47,"column":62}},"34":{"start":{"line":47,"column":50},"end":{"line":47,"column":62}},"35":{"start":{"line":50,"column":4},"end":{"line":52,"column":5}},"36":{"start":{"line":51,"column":8},"end":{"line":51,"column":19}},"37":{"start":{"line":54,"column":4},"end":{"line":56,"column":5}},"38":{"start":{"line":55,"column":8},"end":{"line":55,"column":20}},"39":{"start":{"line":58,"column":4},"end":{"line":58,"column":15}},"40":{"start":{"line":61,"column":27},"end":{"line":61,"column":57}},"41":{"start":{"line":61,"column":33},"end":{"line":61,"column":57}},"42":{"start":{"line":64,"column":18},"end":{"line":64,"column":40}},"43":{"start":{"line":66,"column":4},"end":{"line":70,"column":5}},"44":{"start":{"line":67,"column":8},"end":{"line":67,"column":28}},"45":{"start":{"line":68,"column":11},"end":{"line":70,"column":5}},"46":{"start":{"line":69,"column":8},"end":{"line":69,"column":30}},"47":{"start":{"line":72,"column":26},"end":{"line":72,"column":44}},"48":{"start":{"line":73,"column":4},"end":{"line":73,"column":29}},"49":{"start":{"line":76,"column":19},"end":{"line":79,"column":1}},"50":{"start":{"line":77,"column":28},"end":{"line":77,"column":34}},"51":{"start":{"line":78,"column":4},"end":{"line":78,"column":40}},"52":{"start":{"line":81,"column":29},"end":{"line":88,"column":1}},"53":{"start":{"line":82,"column":4},"end":{"line":83,"column":91}},"54":{"start":{"line":83,"column":8},"end":{"line":83,"column":91}},"55":{"start":{"line":85,"column":4},"end":{"line":85,"column":67}},"56":{"start":{"line":85,"column":26},"end":{"line":85,"column":67}},"57":{"start":{"line":87,"column":4},"end":{"line":87,"column":27}},"58":{"start":{"line":91,"column":4},"end":{"line":97,"column":5}},"59":{"start":{"line":92,"column":8},"end":{"line":96,"column":9}},"60":{"start":{"line":93,"column":12},"end":{"line":93,"column":18}},"61":{"start":{"line":95,"column":12},"end":{"line":95,"column":32}},"62":{"start":{"line":99,"column":4},"end":{"line":99,"column":19}},"63":{"start":{"line":100,"column":38},"end":{"line":100,"column":56}},"64":{"start":{"line":101,"column":4},"end":{"line":101,"column":41}},"65":{"start":{"line":104,"column":28},"end":{"line":116,"column":1}},"66":{"start":{"line":105,"column":4},"end":{"line":106,"column":104}},"67":{"start":{"line":106,"column":8},"end":{"line":106,"column":104}},"68":{"start":{"line":107,"column":4},"end":{"line":107,"column":80}},"69":{"start":{"line":107,"column":28},"end":{"line":107,"column":80}},"70":{"start":{"line":109,"column":28},"end":{"line":109,"column":44}},"71":{"start":{"line":110,"column":31},"end":{"line":110,"column":65}},"72":{"start":{"line":112,"column":4},"end":{"line":114,"column":5}},"73":{"start":{"line":113,"column":8},"end":{"line":113,"column":18}},"74":{"start":{"line":115,"column":4},"end":{"line":115,"column":44}},"75":{"start":{"line":118,"column":27},"end":{"line":124,"column":1}},"76":{"start":{"line":119,"column":4},"end":{"line":120,"column":108}},"77":{"start":{"line":120,"column":8},"end":{"line":120,"column":108}},"78":{"start":{"line":121,"column":16},"end":{"line":121,"column":30}},"79":{"start":{"line":123,"column":4},"end":{"line":123,"column":62}},"80":{"start":{"line":127,"column":4},"end":{"line":127,"column":44}},"81":{"start":{"line":129,"column":31},"end":{"line":129,"column":61}},"82":{"start":{"line":130,"column":4},"end":{"line":130,"column":62}},"83":{"start":{"line":131,"column":4},"end":{"line":131,"column":47}},"84":{"start":{"line":132,"column":37},"end":{"line":132,"column":75}},"85":{"start":{"line":133,"column":4},"end":{"line":133,"column":74}},"86":{"start":{"line":134,"column":4},"end":{"line":134,"column":50}},"87":{"start":{"line":135,"column":4},"end":{"line":135,"column":44}},"88":{"start":{"line":137,"column":4},"end":{"line":137,"column":40}},"89":{"start":{"line":140,"column":0},"end":{"line":149,"column":1}}},"fnMap":{"0":{"name":"(anonymous_0)","decl":{"start":{"line":1,"column":19},"end":{"line":1,"column":20}},"loc":{"start":{"line":1,"column":28},"end":{"line":3,"column":1}},"line":1},"1":{"name":"displayZero","decl":{"start":{"line":5,"column":9},"end":{"line":5,"column":20}},"loc":{"start":{"line":5,"column":23},"end":{"line":8,"column":1}},"line":5},"2":{"name":"pushToUserInput","decl":{"start":{"line":10,"column":9},"end":{"line":10,"column":24}},"loc":{"start":{"line":10,"column":32},"end":{"line":12,"column":1}},"line":10},"3":{"name":"(anonymous_3)","decl":{"start":{"line":14,"column":21},"end":{"line":14,"column":22}},"loc":{"start":{"line":14,"column":30},"end":{"line":20,"column":1}},"line":14},"4":{"name":"(anonymous_4)","decl":{"start":{"line":22,"column":29},"end":{"line":22,"column":30}},"loc":{"start":{"line":22,"column":38},"end":{"line":34,"column":1}},"line":22},"5":{"name":"(anonymous_5)","decl":{"start":{"line":23,"column":17},"end":{"line":23,"column":18}},"loc":{"start":{"line":23,"column":28},"end":{"line":23,"column":45}},"line":23},"6":{"name":"(anonymous_6)","decl":{"start":{"line":36,"column":21},"end":{"line":36,"column":22}},"loc":{"start":{"line":36,"column":39},"end":{"line":59,"column":1}},"line":36},"7":{"name":"(anonymous_7)","decl":{"start":{"line":61,"column":27},"end":{"line":61,"column":28}},"loc":{"start":{"line":61,"column":33},"end":{"line":61,"column":57}},"line":61},"8":{"name":"collectInputAndDisplay","decl":{"start":{"line":63,"column":9},"end":{"line":63,"column":31}},"loc":{"start":{"line":63,"column":39},"end":{"line":74,"column":1}},"line":63},"9":{"name":"(anonymous_9)","decl":{"start":{"line":76,"column":19},"end":{"line":76,"column":20}},"loc":{"start":{"line":76,"column":28},"end":{"line":79,"column":1}},"line":76},"10":{"name":"(anonymous_10)","decl":{"start":{"line":81,"column":29},"end":{"line":81,"column":30}},"loc":{"start":{"line":81,"column":38},"end":{"line":88,"column":1}},"line":81},"11":{"name":"removeLastTypedCharacter","decl":{"start":{"line":90,"column":9},"end":{"line":90,"column":33}},"loc":{"start":{"line":90,"column":36},"end":{"line":102,"column":1}},"line":90},"12":{"name":"(anonymous_12)","decl":{"start":{"line":104,"column":28},"end":{"line":104,"column":29}},"loc":{"start":{"line":104,"column":37},"end":{"line":116,"column":1}},"line":104},"13":{"name":"(anonymous_13)","decl":{"start":{"line":118,"column":27},"end":{"line":118,"column":28}},"loc":{"start":{"line":118,"column":36},"end":{"line":124,"column":1}},"line":118},"14":{"name":"evaluateInputAndDisplay","decl":{"start":{"line":126,"column":9},"end":{"line":126,"column":32}},"loc":{"start":{"line":126,"column":35},"end":{"line":138,"column":1}},"line":126}},"branchMap":{"0":{"loc":{"start":{"line":15,"column":4},"end":{"line":16,"column":65}},"type":"if","locations":[{"start":{"line":15,"column":4},"end":{"line":16,"column":65}},{"start":{"line":15,"column":4},"end":{"line":16,"column":65}}],"line":15},"1":{"loc":{"start":{"line":17,"column":4},"end":{"line":17,"column":67}},"type":"if","locations":[{"start":{"line":17,"column":4},"end":{"line":17,"column":67}},{"start":{"line":17,"column":4},"end":{"line":17,"column":67}}],"line":17},"2":{"loc":{"start":{"line":23,"column":4},"end":{"line":23,"column":67}},"type":"if","locations":[{"start":{"line":23,"column":4},"end":{"line":23,"column":67}},{"start":{"line":23,"column":4},"end":{"line":23,"column":67}}],"line":23},"3":{"loc":{"start":{"line":39,"column":4},"end":{"line":42,"column":5}},"type":"if","locations":[{"start":{"line":39,"column":4},"end":{"line":42,"column":5}},{"start":{"line":39,"column":4},"end":{"line":42,"column":5}}],"line":39},"4":{"loc":{"start":{"line":40,"column":8},"end":{"line":40,"column":46}},"type":"if","locations":[{"start":{"line":40,"column":8},"end":{"line":40,"column":46}},{"start":{"line":40,"column":8},"end":{"line":40,"column":46}}],"line":40},"5":{"loc":{"start":{"line":41,"column":8},"end":{"line":41,"column":50}},"type":"if","locations":[{"start":{"line":41,"column":8},"end":{"line":41,"column":50}},{"start":{"line":41,"column":8},"end":{"line":41,"column":50}}],"line":41},"6":{"loc":{"start":{"line":44,"column":4},"end":{"line":48,"column":5}},"type":"if","locations":[{"start":{"line":44,"column":4},"end":{"line":48,"column":5}},{"start":{"line":44,"column":4},"end":{"line":48,"column":5}}],"line":44},"7":{"loc":{"start":{"line":44,"column":8},"end":{"line":44,"column":55}},"type":"binary-expr","locations":[{"start":{"line":44,"column":8},"end":{"line":44,"column":28}},{"start":{"line":44,"column":32},"end":{"line":44,"column":55}}],"line":44},"8":{"loc":{"start":{"line":47,"column":8},"end":{"line":47,"column":62}},"type":"if","locations":[{"start":{"line":47,"column":8},"end":{"line":47,"column":62}},{"start":{"line":47,"column":8},"end":{"line":47,"column":62}}],"line":47},"9":{"loc":{"start":{"line":50,"column":4},"end":{"line":52,"column":5}},"type":"if","locations":[{"start":{"line":50,"column":4},"end":{"line":52,"column":5}},{"start":{"line":50,"column":4},"end":{"line":52,"column":5}}],"line":50},"10":{"loc":{"start":{"line":54,"column":4},"end":{"line":56,"column":5}},"type":"if","locations":[{"start":{"line":54,"column":4},"end":{"line":56,"column":5}},{"start":{"line":54,"column":4},"end":{"line":56,"column":5}}],"line":54},"11":{"loc":{"start":{"line":66,"column":4},"end":{"line":70,"column":5}},"type":"if","locations":[{"start":{"line":66,"column":4},"end":{"line":70,"column":5}},{"start":{"line":66,"column":4},"end":{"line":70,"column":5}}],"line":66},"12":{"loc":{"start":{"line":66,"column":8},"end":{"line":66,"column":67}},"type":"binary-expr","locations":[{"start":{"line":66,"column":8},"end":{"line":66,"column":28}},{"start":{"line":66,"column":32},"end":{"line":66,"column":67}}],"line":66},"13":{"loc":{"start":{"line":68,"column":11},"end":{"line":70,"column":5}},"type":"if","locations":[{"start":{"line":68,"column":11},"end":{"line":70,"column":5}},{"start":{"line":68,"column":11},"end":{"line":70,"column":5}}],"line":68},"14":{"loc":{"start":{"line":82,"column":4},"end":{"line":83,"column":91}},"type":"if","locations":[{"start":{"line":82,"column":4},"end":{"line":83,"column":91}},{"start":{"line":82,"column":4},"end":{"line":83,"column":91}}],"line":82},"15":{"loc":{"start":{"line":85,"column":4},"end":{"line":85,"column":67}},"type":"if","locations":[{"start":{"line":85,"column":4},"end":{"line":85,"column":67}},{"start":{"line":85,"column":4},"end":{"line":85,"column":67}}],"line":85},"16":{"loc":{"start":{"line":91,"column":4},"end":{"line":97,"column":5}},"type":"if","locations":[{"start":{"line":91,"column":4},"end":{"line":97,"column":5}},{"start":{"line":91,"column":4},"end":{"line":97,"column":5}}],"line":91},"17":{"loc":{"start":{"line":92,"column":8},"end":{"line":96,"column":9}},"type":"if","locations":[{"start":{"line":92,"column":8},"end":{"line":96,"column":9}},{"start":{"line":92,"column":8},"end":{"line":96,"column":9}}],"line":92},"18":{"loc":{"start":{"line":105,"column":4},"end":{"line":106,"column":104}},"type":"if","locations":[{"start":{"line":105,"column":4},"end":{"line":106,"column":104}},{"start":{"line":105,"column":4},"end":{"line":106,"column":104}}],"line":105},"19":{"loc":{"start":{"line":107,"column":4},"end":{"line":107,"column":80}},"type":"if","locations":[{"start":{"line":107,"column":4},"end":{"line":107,"column":80}},{"start":{"line":107,"column":4},"end":{"line":107,"column":80}}],"line":107},"20":{"loc":{"start":{"line":112,"column":4},"end":{"line":114,"column":5}},"type":"if","locations":[{"start":{"line":112,"column":4},"end":{"line":114,"column":5}},{"start":{"line":112,"column":4},"end":{"line":114,"column":5}}],"line":112},"21":{"loc":{"start":{"line":119,"column":4},"end":{"line":120,"column":108}},"type":"if","locations":[{"start":{"line":119,"column":4},"end":{"line":120,"column":108}},{"start":{"line":119,"column":4},"end":{"line":120,"column":108}}],"line":119},"22":{"loc":{"start":{"line":123,"column":11},"end":{"line":123,"column":62}},"type":"cond-expr","locations":[{"start":{"line":123,"column":32},"end":{"line":123,"column":35}},{"start":{"line":123,"column":38},"end":{"line":123,"column":62}}],"line":123}},"s":{"0":1,"1":0,"2":0,"3":0,"4":0,"5":1,"6":18,"7":2,"8":16,"9":1,"10":15,"11":1,"12":4,"13":11,"14":1,"15":3,"16":3,"17":3,"18":3,"19":3,"20":3,"21":3,"22":3,"23":1,"24":12,"25":12,"26":3,"27":2,"28":1,"29":1,"30":9,"31":1,"32":1,"33":1,"34":1,"35":8,"36":2,"37":6,"38":6,"39":0,"40":1,"41":0,"42":0,"43":0,"44":0,"45":0,"46":0,"47":0,"48":0,"49":1,"50":26,"51":26,"52":1,"53":5,"54":2,"55":3,"56":1,"57":2,"58":0,"59":0,"60":0,"61":0,"62":0,"63":0,"64":0,"65":1,"66":16,"67":2,"68":14,"69":1,"70":13,"71":13,"72":13,"73":5,"74":8,"75":1,"76":10,"77":2,"78":8,"79":8,"80":0,"81":0,"82":0,"83":0,"84":0,"85":0,"86":0,"87":0,"88":0,"89":1},"f":{"0":0,"1":0,"2":0,"3":18,"4":4,"5":11,"6":12,"7":0,"8":0,"9":26,"10":5,"11":0,"12":16,"13":10,"14":0},"b":{"0":[2,16],"1":[1,15],"2":[1,3],"3":[3,9],"4":[2,1],"5":[1,0],"6":[1,8],"7":[9,1],"8":[1,0],"9":[2,6],"10":[6,0],"11":[0,0],"12":[0,0],"13":[0,0],"14":[2,3],"15":[1,2],"16":[0,0],"17":[0,0],"18":[2,14],"19":[1,13],"20":[5,8],"21":[2,8],"22":[1,7]},"_coverageSchema":"1a1c01bbd47fc00a2c39e90264f33305004495a9","hash":"3ea05d3282c23af75751a4afefb37eee6a766d09"}
}
