TN:
SF:scripts/helpers.js
FN:3,(anonymous_0)
FN:8,(anonymous_1)
FN:12,(anonymous_2)
FN:16,(anonymous_3)
FN:21,(anonymous_4)
FN:22,(anonymous_5)
FN:28,(anonymous_6)
FN:29,(anonymous_7)
FNF:8
FNH:8
FNDA:6,(anonymous_0)
FNDA:9,(anonymous_1)
FNDA:6,(anonymous_2)
FNDA:8,(anonymous_3)
FNDA:6,(anonymous_4)
FNDA:15,(anonymous_5)
FNDA:6,(anonymous_6)
FNDA:13,(anonymous_7)
DA:3,1
DA:4,6
DA:5,4
DA:8,1
DA:9,9
DA:12,1
DA:13,6
DA:16,1
DA:17,8
DA:18,8
DA:21,1
DA:22,15
DA:23,2
DA:25,4
DA:28,1
DA:29,13
DA:30,1
DA:32,5
DA:35,1
LF:19
LH:19
BRDA:4,0,0,2
BRDA:4,0,1,4
BRDA:9,1,0,9
BRDA:9,1,1,8
BRDA:13,2,0,6
BRDA:13,2,1,5
BRDA:22,3,0,2
BRDA:22,3,1,4
BRDA:25,4,0,4
BRDA:25,4,1,3
BRDA:29,5,0,1
BRDA:29,5,1,5
BRDA:32,6,0,5
BRDA:32,6,1,3
BRF:14
BRH:14
end_of_record
TN:
SF:scripts/validateInput.js
FN:1,(anonymous_0)
FN:5,displayZero
FN:10,pushToUserInput
FN:14,(anonymous_3)
FN:22,(anonymous_4)
FN:23,(anonymous_5)
FN:36,(anonymous_6)
FN:61,(anonymous_7)
FN:63,collectInputAndDisplay
FN:76,(anonymous_9)
FN:81,(anonymous_10)
FN:90,removeLastTypedCharacter
FN:104,(anonymous_12)
FN:118,(anonymous_13)
FN:126,evaluateInputAndDisplay
FNF:15
FNH:8
FNDA:0,(anonymous_0)
FNDA:0,displayZero
FNDA:0,pushToUserInput
FNDA:18,(anonymous_3)
FNDA:4,(anonymous_4)
FNDA:11,(anonymous_5)
FNDA:12,(anonymous_6)
FNDA:0,(anonymous_7)
FNDA:0,collectInputAndDisplay
FNDA:26,(anonymous_9)
FNDA:5,(anonymous_10)
FNDA:0,removeLastTypedCharacter
FNDA:16,(anonymous_12)
FNDA:10,(anonymous_13)
FNDA:0,evaluateInputAndDisplay
DA:1,1
DA:2,0
DA:6,0
DA:7,0
DA:11,0
DA:14,1
DA:15,18
DA:16,2
DA:17,16
DA:19,15
DA:22,1
DA:23,11
DA:25,3
DA:26,3
DA:27,3
DA:28,3
DA:29,3
DA:30,3
DA:31,3
DA:33,3
DA:36,1
DA:37,12
DA:39,12
DA:40,3
DA:41,1
DA:44,9
DA:45,1
DA:46,1
DA:47,1
DA:50,8
DA:51,2
DA:54,6
DA:55,6
DA:58,0
DA:61,1
DA:64,0
DA:66,0
DA:67,0
DA:68,0
DA:69,0
DA:72,0
DA:73,0
DA:76,1
DA:77,26
DA:78,26
DA:81,1
DA:82,5
DA:83,2
DA:85,3
DA:87,2
DA:91,0
DA:92,0
DA:93,0
DA:95,0
DA:99,0
DA:100,0
DA:101,0
DA:104,1
DA:105,16
DA:106,2
DA:107,14
DA:109,13
DA:110,13
DA:112,13
DA:113,5
DA:115,8
DA:118,1
DA:119,10
DA:120,2
DA:121,8
DA:123,8
DA:127,0
DA:129,0
DA:130,0
DA:131,0
DA:132,0
DA:133,0
DA:134,0
DA:135,0
DA:137,0
DA:140,1
LF:81
LH:53
BRDA:15,0,0,2
BRDA:15,0,1,16
BRDA:17,1,0,1
BRDA:17,1,1,15
BRDA:23,2,0,1
BRDA:23,2,1,3
BRDA:39,3,0,3
BRDA:39,3,1,9
BRDA:40,4,0,2
BRDA:40,4,1,1
BRDA:41,5,0,1
BRDA:41,5,1,0
BRDA:44,6,0,1
BRDA:44,6,1,8
BRDA:44,7,0,9
BRDA:44,7,1,1
BRDA:47,8,0,1
BRDA:47,8,1,0
BRDA:50,9,0,2
BRDA:50,9,1,6
BRDA:54,10,0,6
BRDA:54,10,1,0
BRDA:66,11,0,0
BRDA:66,11,1,0
BRDA:66,12,0,0
BRDA:66,12,1,0
BRDA:68,13,0,0
BRDA:68,13,1,0
BRDA:82,14,0,2
BRDA:82,14,1,3
BRDA:85,15,0,1
BRDA:85,15,1,2
BRDA:91,16,0,0
BRDA:91,16,1,0
BRDA:92,17,0,0
BRDA:92,17,1,0
BRDA:105,18,0,2
BRDA:105,18,1,14
BRDA:107,19,0,1
BRDA:107,19,1,13
BRDA:112,20,0,5
BRDA:112,20,1,8
BRDA:119,21,0,2
BRDA:119,21,1,8
BRDA:123,22,0,1
BRDA:123,22,1,7
BRF:46
BRH:33
end_of_record
