TN:
SF:scripts/helpers.js
FN:1,(anonymous_0)
FN:6,(anonymous_1)
FN:10,(anonymous_2)
FN:14,(anonymous_3)
FN:19,(anonymous_4)
FN:20,(anonymous_5)
FN:26,(anonymous_6)
FN:27,(anonymous_7)
FNF:8
FNH:8
FNDA:6,(anonymous_0)
FNDA:9,(anonymous_1)
FNDA:6,(anonymous_2)
FNDA:8,(anonymous_3)
FNDA:6,(anonymous_4)
FNDA:15,(anonymous_5)
FNDA:6,(anonymous_6)
FNDA:13,(anonymous_7)
DA:1,1
DA:2,6
DA:3,4
DA:6,1
DA:7,9
DA:10,1
DA:11,6
DA:14,1
DA:15,8
DA:16,8
DA:19,1
DA:20,15
DA:21,2
DA:23,4
DA:26,1
DA:27,13
DA:28,1
DA:30,5
DA:33,1
LF:19
LH:19
BRDA:2,0,0,2
BRDA:2,0,1,4
BRDA:7,1,0,9
BRDA:7,1,1,8
BRDA:11,2,0,6
BRDA:11,2,1,5
BRDA:20,3,0,2
BRDA:20,3,1,4
BRDA:23,4,0,4
BRDA:23,4,1,3
BRDA:27,5,0,1
BRDA:27,5,1,5
BRDA:30,6,0,5
BRDA:30,6,1,3
BRF:14
BRH:14
end_of_record
TN:
SF:scripts/validateInput.js
FN:1,(anonymous_0)
FN:5,displayZero
FN:10,pushToUserInput
FN:14,(anonymous_3)
FN:22,(anonymous_4)
FN:23,(anonymous_5)
FN:36,(anonymous_6)
FN:61,(anonymous_7)
FN:66,collectInputAndDisplay
FN:87,(anonymous_9)
FN:92,(anonymous_10)
FN:101,removeLastTypedCharacter
FN:115,(anonymous_12)
FN:129,(anonymous_13)
FN:137,evaluateInputAndDisplay
FNF:15
FNH:9
FNDA:0,(anonymous_0)
FNDA:0,displayZero
FNDA:0,pushToUserInput
FNDA:18,(anonymous_3)
FNDA:4,(anonymous_4)
FNDA:11,(anonymous_5)
FNDA:12,(anonymous_6)
FNDA:7,(anonymous_7)
FNDA:0,collectInputAndDisplay
FNDA:26,(anonymous_9)
FNDA:5,(anonymous_10)
FNDA:0,removeLastTypedCharacter
FNDA:16,(anonymous_12)
FNDA:10,(anonymous_13)
FNDA:0,evaluateInputAndDisplay
DA:1,1
DA:2,0
DA:6,0
DA:7,0
DA:11,0
DA:14,1
DA:15,18
DA:16,2
DA:17,16
DA:19,15
DA:22,1
DA:23,11
DA:25,3
DA:26,3
DA:27,3
DA:28,3
DA:29,3
DA:30,3
DA:31,3
DA:33,3
DA:36,1
DA:37,12
DA:39,12
DA:40,3
DA:41,1
DA:44,9
DA:45,1
DA:46,1
DA:47,1
DA:50,8
DA:51,2
DA:54,6
DA:55,6
DA:58,0
DA:61,1
DA:62,7
DA:63,7
DA:67,0
DA:69,0
DA:70,0
DA:71,0
DA:75,0
DA:76,0
DA:77,0
DA:79,0
DA:83,0
DA:84,0
DA:87,1
DA:88,26
DA:89,26
DA:92,1
DA:93,5
DA:94,2
DA:96,3
DA:98,2
DA:102,0
DA:103,0
DA:104,0
DA:106,0
DA:110,0
DA:111,0
DA:112,0
DA:115,1
DA:116,16
DA:117,2
DA:118,14
DA:120,13
DA:121,13
DA:123,13
DA:124,5
DA:126,8
DA:129,1
DA:130,10
DA:131,2
DA:132,8
DA:134,8
DA:138,0
DA:139,0
DA:140,0
DA:142,0
DA:143,0
DA:144,0
DA:145,0
DA:148,1
LF:84
LH:55
BRDA:15,0,0,2
BRDA:15,0,1,16
BRDA:17,1,0,1
BRDA:17,1,1,15
BRDA:23,2,0,1
BRDA:23,2,1,3
BRDA:39,3,0,3
BRDA:39,3,1,9
BRDA:40,4,0,2
BRDA:40,4,1,1
BRDA:41,5,0,1
BRDA:41,5,1,0
BRDA:44,6,0,1
BRDA:44,6,1,8
BRDA:44,7,0,9
BRDA:44,7,1,1
BRDA:47,8,0,1
BRDA:47,8,1,0
BRDA:50,9,0,2
BRDA:50,9,1,6
BRDA:54,10,0,6
BRDA:54,10,1,0
BRDA:69,11,0,0
BRDA:69,11,1,0
BRDA:69,12,0,0
BRDA:69,12,1,0
BRDA:70,13,0,0
BRDA:70,13,1,0
BRDA:75,14,0,0
BRDA:75,14,1,0
BRDA:75,15,0,0
BRDA:75,15,1,0
BRDA:76,16,0,0
BRDA:76,16,1,0
BRDA:93,17,0,2
BRDA:93,17,1,3
BRDA:96,18,0,1
BRDA:96,18,1,2
BRDA:102,19,0,0
BRDA:102,19,1,0
BRDA:103,20,0,0
BRDA:103,20,1,0
BRDA:116,21,0,2
BRDA:116,21,1,14
BRDA:118,22,0,1
BRDA:118,22,1,13
BRDA:123,23,0,5
BRDA:123,23,1,8
BRDA:130,24,0,2
BRDA:130,24,1,8
BRDA:134,25,0,1
BRDA:134,25,1,7
BRDA:139,26,0,0
BRDA:139,26,1,0
BRDA:139,27,0,0
BRDA:139,27,1,0
BRDA:140,28,0,0
BRDA:140,28,1,0
BRF:58
BRH:33
end_of_record
